180303  1:05:33 [Note] Plugin 'FEDERATED' is disabled.
180303  1:05:33 InnoDB: The InnoDB memory heap is disabled
180303  1:05:33 InnoDB: Mutexes and rw_locks use GCC atomic builtins
180303  1:05:33 InnoDB: Compressed tables use zlib 1.2.3
180303  1:05:33 InnoDB: Using Linux native AIO
180303  1:05:33 InnoDB: Initializing buffer pool, size = 5.0M
180303  1:05:33 InnoDB: Completed initialization of buffer pool
InnoDB: The first specified data file ./ibdata1 did not exist:
InnoDB: a new database to be created!
180303  1:05:33  InnoDB: Setting file ./ibdata1 size to 10 MB
InnoDB: Database physically writes the file full: wait...
180303  1:05:33  InnoDB: Log file ./ib_logfile0 did not exist: new to be created
InnoDB: Setting log file ./ib_logfile0 size to 5 MB
InnoDB: Database physically writes the file full: wait...
180303  1:05:33  InnoDB: Log file ./ib_logfile1 did not exist: new to be created
InnoDB: Setting log file ./ib_logfile1 size to 5 MB
InnoDB: Database physically writes the file full: wait...
InnoDB: Doublewrite buffer not found: creating new
InnoDB: Doublewrite buffer created
InnoDB: 127 rollback segment(s) active.
InnoDB: Creating foreign key constraint system tables
InnoDB: Foreign key constraint system tables created
180303  1:05:33  InnoDB: Waiting for the background threads to start
180303  1:05:34 InnoDB: 5.5.59 started; log sequence number 0
180303  1:05:35 [Note] Event Scheduler: Loaded 0 events
180303  1:05:35 [Note] mysqld: ready for connections.
Version: '5.5.59-log'  socket: '/tmp/mysql.sock'  port: 0  MySQL Community Server (GPL)
180303  1:05:39 [Note] Plugin 'FEDERATED' is disabled.
180303  1:05:39 InnoDB: The InnoDB memory heap is disabled
180303  1:05:39 InnoDB: Mutexes and rw_locks use GCC atomic builtins
180303  1:05:39 InnoDB: Compressed tables use zlib 1.2.3
180303  1:05:39 InnoDB: Using Linux native AIO
180303  1:05:39 InnoDB: Initializing buffer pool, size = 5.0M
180303  1:05:39 InnoDB: Completed initialization of buffer pool
180303  1:05:39 InnoDB: highest supported file format is Barracuda.
InnoDB: The log sequence number in ibdata files does not match
InnoDB: the log sequence number in the ib_logfiles!
180303  1:05:39  InnoDB: Database was not shut down normally!
InnoDB: Starting crash recovery.
InnoDB: Reading tablespace information from the .ibd files...
InnoDB: Restoring possible half-written data pages from the doublewrite
InnoDB: buffer...
180303  1:05:39  InnoDB: Waiting for the background threads to start
180303  1:05:40 InnoDB: 5.5.59 started; log sequence number 1595675
180303  1:05:40 [Note] Server hostname (bind-address): '0.0.0.0'; port: 3306
180303  1:05:40 [Note]   - '0.0.0.0' resolves to '0.0.0.0';
180303  1:05:40 [Note] Server socket created on IP: '0.0.0.0'.
180303  1:05:40 [Note] Event Scheduler: Loaded 0 events
180303  1:05:40 [Note] mysqld: ready for connections.
Version: '5.5.59-log'  socket: '/tmp/mysql.sock'  port: 3306  MySQL Community Server (GPL)
180303  1:07:16 [Note] mysqld: Normal shutdown

180303  1:07:16 [Note] Event Scheduler: Purging the queue. 0 events
180303  1:07:16  InnoDB: Starting shutdown...
180303  1:07:17  InnoDB: Shutdown completed; log sequence number 1595675
180303  1:07:17 [Note] mysqld: Shutdown complete

2018-03-03T01:08:41.625566Z 0 [Warning] [MY-010088] 'NO_AUTO_CREATE_USER' sql mode was not set.
2018-03-03T01:08:41.626328Z 0 [System] [MY-010116] /usr/sbin/mysqld (mysqld 8.0.4-rc-log) starting as process 27 ...
mbind: Operation not permitted
2018-03-03T01:08:44.362130Z 0 [Warning] [MY-010068] CA certificate ca.pem is self signed.
2018-03-03T01:08:44.440180Z 0 [ERROR] [MY-011071] unknown variable 'query_cache_size=0'
2018-03-03T01:08:44.440230Z 0 [Warning] [MY-010952] The privilege system failed to initialize correctly. If you have upgraded your server, make sure you're executing mysql_upgrade to correct the issue.
2018-03-03T01:08:44.440241Z 0 [ERROR] [MY-010119] Aborting
2018-03-03T01:08:45.850801Z 0 [System] [MY-010910] /usr/sbin/mysqld: Shutdown complete.
2018-03-03T01:08:46.706095Z 0 [Warning] [MY-010088] 'NO_AUTO_CREATE_USER' sql mode was not set.
2018-03-03T01:08:46.706291Z 0 [Warning] [MY-010101] Insecure configuration for --secure-file-priv: Location is accessible to all OS users. Consider choosing a different directory.
2018-03-03T01:08:46.706320Z 0 [System] [MY-010116] /usr/sbin/mysqld (mysqld 8.0.4-rc-log) starting as process 1 ...
mbind: Operation not permitted
mysqld: Table 'mysql.plugin' doesn't exist
2018-03-03T01:08:47.469503Z 0 [ERROR] [MY-010735] Can't open the mysql.plugin table. Please run mysql_upgrade to create it.
2018-03-03T01:08:47.546771Z 0 [Warning] [MY-010015] Gtid table is not ready to be used. Table 'mysql.gtid_executed' cannot be opened.
2018-03-03T01:08:47.549470Z 0 [Warning] [MY-010068] CA certificate ca.pem is self signed.
2018-03-03T01:08:47.553058Z 0 [Warning] [MY-010441] Failed to open optimizer cost constant tables
2018-03-03T01:08:47.553288Z 0 [ERROR] [MY-001146] Table 'mysql.component' doesn't exist
2018-03-03T01:08:47.553342Z 0 [Warning] [MY-003543] The mysql.component table is missing or has an incorrect definition.
2018-03-03T01:08:47.553495Z 0 [ERROR] [MY-011071] unknown variable 'query_cache_size=0'
2018-03-03T01:08:47.553513Z 0 [Warning] [MY-010952] The privilege system failed to initialize correctly. If you have upgraded your server, make sure you're executing mysql_upgrade to correct the issue.
2018-03-03T01:08:47.553619Z 0 [ERROR] [MY-010119] Aborting
2018-03-03T01:08:49.176638Z 0 [System] [MY-010910] /usr/sbin/mysqld: Shutdown complete.
2018-03-03T01:08:49.966081Z 0 [Warning] [MY-010088] 'NO_AUTO_CREATE_USER' sql mode was not set.
2018-03-03T01:08:49.966309Z 0 [Warning] [MY-010101] Insecure configuration for --secure-file-priv: Location is accessible to all OS users. Consider choosing a different directory.
2018-03-03T01:08:49.966336Z 0 [System] [MY-010116] /usr/sbin/mysqld (mysqld 8.0.4-rc-log) starting as process 1 ...
mbind: Operation not permitted
mysqld: Table 'mysql.plugin' doesn't exist
2018-03-03T01:08:50.694736Z 0 [ERROR] [MY-010735] Can't open the mysql.plugin table. Please run mysql_upgrade to create it.
2018-03-03T01:08:50.762378Z 0 [Warning] [MY-010015] Gtid table is not ready to be used. Table 'mysql.gtid_executed' cannot be opened.
2018-03-03T01:08:50.764172Z 0 [Warning] [MY-010068] CA certificate ca.pem is self signed.
2018-03-03T01:08:50.766196Z 0 [Warning] [MY-010441] Failed to open optimizer cost constant tables
2018-03-03T01:08:50.766346Z 0 [ERROR] [MY-001146] Table 'mysql.component' doesn't exist
2018-03-03T01:08:50.766369Z 0 [Warning] [MY-003543] The mysql.component table is missing or has an incorrect definition.
2018-03-03T01:08:50.766491Z 0 [ERROR] [MY-011071] unknown variable 'query_cache_size=0'
2018-03-03T01:08:50.766505Z 0 [Warning] [MY-010952] The privilege system failed to initialize correctly. If you have upgraded your server, make sure you're executing mysql_upgrade to correct the issue.
2018-03-03T01:08:50.766561Z 0 [ERROR] [MY-010119] Aborting
2018-03-03T01:08:52.480382Z 0 [System] [MY-010910] /usr/sbin/mysqld: Shutdown complete.
2018-03-03T01:08:53.515947Z 0 [Warning] [MY-010088] 'NO_AUTO_CREATE_USER' sql mode was not set.
2018-03-03T01:08:53.516194Z 0 [Warning] [MY-010101] Insecure configuration for --secure-file-priv: Location is accessible to all OS users. Consider choosing a different directory.
2018-03-03T01:08:53.516238Z 0 [System] [MY-010116] /usr/sbin/mysqld (mysqld 8.0.4-rc-log) starting as process 1 ...
mbind: Operation not permitted
mysqld: Table 'mysql.plugin' doesn't exist
2018-03-03T01:08:54.348695Z 0 [ERROR] [MY-010735] Can't open the mysql.plugin table. Please run mysql_upgrade to create it.
2018-03-03T01:08:54.421617Z 0 [Warning] [MY-010015] Gtid table is not ready to be used. Table 'mysql.gtid_executed' cannot be opened.
2018-03-03T01:08:54.424643Z 0 [Warning] [MY-010068] CA certificate ca.pem is self signed.
2018-03-03T01:08:54.428034Z 0 [Warning] [MY-010441] Failed to open optimizer cost constant tables
2018-03-03T01:08:54.428240Z 0 [ERROR] [MY-001146] Table 'mysql.component' doesn't exist
2018-03-03T01:08:54.428271Z 0 [Warning] [MY-003543] The mysql.component table is missing or has an incorrect definition.
2018-03-03T01:08:54.428440Z 0 [ERROR] [MY-011071] unknown variable 'query_cache_size=0'
2018-03-03T01:08:54.428460Z 0 [Warning] [MY-010952] The privilege system failed to initialize correctly. If you have upgraded your server, make sure you're executing mysql_upgrade to correct the issue.
2018-03-03T01:08:54.428560Z 0 [ERROR] [MY-010119] Aborting
2018-03-03T01:08:56.044512Z 0 [System] [MY-010910] /usr/sbin/mysqld: Shutdown complete.
2018-03-03T01:08:57.426066Z 0 [Warning] [MY-010088] 'NO_AUTO_CREATE_USER' sql mode was not set.
2018-03-03T01:08:57.426253Z 0 [Warning] [MY-010101] Insecure configuration for --secure-file-priv: Location is accessible to all OS users. Consider choosing a different directory.
2018-03-03T01:08:57.426285Z 0 [System] [MY-010116] /usr/sbin/mysqld (mysqld 8.0.4-rc-log) starting as process 1 ...
mbind: Operation not permitted
mysqld: Table 'mysql.plugin' doesn't exist
2018-03-03T01:08:58.215125Z 0 [ERROR] [MY-010735] Can't open the mysql.plugin table. Please run mysql_upgrade to create it.
2018-03-03T01:08:58.288079Z 0 [Warning] [MY-010015] Gtid table is not ready to be used. Table 'mysql.gtid_executed' cannot be opened.
2018-03-03T01:08:58.290732Z 0 [Warning] [MY-010068] CA certificate ca.pem is self signed.
2018-03-03T01:08:58.293441Z 0 [Warning] [MY-010441] Failed to open optimizer cost constant tables
2018-03-03T01:08:58.293668Z 0 [ERROR] [MY-001146] Table 'mysql.component' doesn't exist
2018-03-03T01:08:58.293693Z 0 [Warning] [MY-003543] The mysql.component table is missing or has an incorrect definition.
2018-03-03T01:08:58.293816Z 0 [ERROR] [MY-011071] unknown variable 'query_cache_size=0'
2018-03-03T01:08:58.293830Z 0 [Warning] [MY-010952] The privilege system failed to initialize correctly. If you have upgraded your server, make sure you're executing mysql_upgrade to correct the issue.
2018-03-03T01:08:58.293876Z 0 [ERROR] [MY-010119] Aborting
2018-03-03T01:08:59.910694Z 0 [System] [MY-010910] /usr/sbin/mysqld: Shutdown complete.
2018-03-03T01:09:02.156008Z 0 [Warning] [MY-010088] 'NO_AUTO_CREATE_USER' sql mode was not set.
2018-03-03T01:09:02.156195Z 0 [Warning] [MY-010101] Insecure configuration for --secure-file-priv: Location is accessible to all OS users. Consider choosing a different directory.
2018-03-03T01:09:02.156234Z 0 [System] [MY-010116] /usr/sbin/mysqld (mysqld 8.0.4-rc-log) starting as process 1 ...
mbind: Operation not permitted
mysqld: Table 'mysql.plugin' doesn't exist
2018-03-03T01:09:03.005558Z 0 [ERROR] [MY-010735] Can't open the mysql.plugin table. Please run mysql_upgrade to create it.
2018-03-03T01:09:03.087702Z 0 [Warning] [MY-010015] Gtid table is not ready to be used. Table 'mysql.gtid_executed' cannot be opened.
2018-03-03T01:09:03.091303Z 0 [Warning] [MY-010068] CA certificate ca.pem is self signed.
2018-03-03T01:09:03.095470Z 0 [Warning] [MY-010441] Failed to open optimizer cost constant tables
2018-03-03T01:09:03.095700Z 0 [ERROR] [MY-001146] Table 'mysql.component' doesn't exist
2018-03-03T01:09:03.095740Z 0 [Warning] [MY-003543] The mysql.component table is missing or has an incorrect definition.
2018-03-03T01:09:03.095925Z 0 [ERROR] [MY-011071] unknown variable 'query_cache_size=0'
2018-03-03T01:09:03.095939Z 0 [Warning] [MY-010952] The privilege system failed to initialize correctly. If you have upgraded your server, make sure you're executing mysql_upgrade to correct the issue.
2018-03-03T01:09:03.096006Z 0 [ERROR] [MY-010119] Aborting
2018-03-03T01:09:04.713114Z 0 [System] [MY-010910] /usr/sbin/mysqld: Shutdown complete.
2018-03-03T01:09:23.965853Z 0 [Warning] [MY-010088] 'NO_AUTO_CREATE_USER' sql mode was not set.
2018-03-03T01:09:23.965990Z 0 [System] [MY-010116] /usr/sbin/mysqld (mysqld 8.0.4-rc-log) starting as process 27 ...
mbind: Operation not permitted
2018-03-03T01:09:26.667525Z 0 [Warning] [MY-010068] CA certificate ca.pem is self signed.
2018-03-03T01:09:26.694009Z 0 [ERROR] [MY-011071] unknown variable 'query_cache_size=0'
2018-03-03T01:09:26.694053Z 0 [Warning] [MY-010952] The privilege system failed to initialize correctly. If you have upgraded your server, make sure you're executing mysql_upgrade to correct the issue.
2018-03-03T01:09:26.694089Z 0 [ERROR] [MY-010119] Aborting
2018-03-03T01:09:28.007619Z 0 [System] [MY-010910] /usr/sbin/mysqld: Shutdown complete.
2018-03-03T01:09:28.926086Z 0 [Warning] [MY-010088] 'NO_AUTO_CREATE_USER' sql mode was not set.
2018-03-03T01:09:28.926272Z 0 [Warning] [MY-010101] Insecure configuration for --secure-file-priv: Location is accessible to all OS users. Consider choosing a different directory.
2018-03-03T01:09:28.926307Z 0 [System] [MY-010116] /usr/sbin/mysqld (mysqld 8.0.4-rc-log) starting as process 1 ...
mbind: Operation not permitted
mysqld: Table 'mysql.plugin' doesn't exist
2018-03-03T01:09:29.836595Z 0 [ERROR] [MY-010735] Can't open the mysql.plugin table. Please run mysql_upgrade to create it.
2018-03-03T01:09:29.919485Z 0 [Warning] [MY-010015] Gtid table is not ready to be used. Table 'mysql.gtid_executed' cannot be opened.
2018-03-03T01:09:29.922967Z 0 [Warning] [MY-010068] CA certificate ca.pem is self signed.
2018-03-03T01:09:29.928016Z 0 [Warning] [MY-010441] Failed to open optimizer cost constant tables
2018-03-03T01:09:29.928245Z 0 [ERROR] [MY-001146] Table 'mysql.component' doesn't exist
2018-03-03T01:09:29.928295Z 0 [Warning] [MY-003543] The mysql.component table is missing or has an incorrect definition.
2018-03-03T01:09:29.928453Z 0 [ERROR] [MY-011071] unknown variable 'query_cache_size=0'
2018-03-03T01:09:29.928473Z 0 [Warning] [MY-010952] The privilege system failed to initialize correctly. If you have upgraded your server, make sure you're executing mysql_upgrade to correct the issue.
2018-03-03T01:09:29.928529Z 0 [ERROR] [MY-010119] Aborting
2018-03-03T01:09:31.549715Z 0 [System] [MY-010910] /usr/sbin/mysqld: Shutdown complete.
2018-03-03T01:09:32.366984Z 0 [Warning] [MY-010088] 'NO_AUTO_CREATE_USER' sql mode was not set.
2018-03-03T01:09:32.367270Z 0 [Warning] [MY-010101] Insecure configuration for --secure-file-priv: Location is accessible to all OS users. Consider choosing a different directory.
2018-03-03T01:09:32.367310Z 0 [System] [MY-010116] /usr/sbin/mysqld (mysqld 8.0.4-rc-log) starting as process 1 ...
mbind: Operation not permitted
mysqld: Table 'mysql.plugin' doesn't exist
2018-03-03T01:09:33.180835Z 0 [ERROR] [MY-010735] Can't open the mysql.plugin table. Please run mysql_upgrade to create it.
2018-03-03T01:09:33.255952Z 0 [Warning] [MY-010015] Gtid table is not ready to be used. Table 'mysql.gtid_executed' cannot be opened.
2018-03-03T01:09:33.259477Z 0 [Warning] [MY-010068] CA certificate ca.pem is self signed.
2018-03-03T01:09:33.261940Z 0 [Warning] [MY-010441] Failed to open optimizer cost constant tables
2018-03-03T01:09:33.262167Z 0 [ERROR] [MY-001146] Table 'mysql.component' doesn't exist
2018-03-03T01:09:33.262200Z 0 [Warning] [MY-003543] The mysql.component table is missing or has an incorrect definition.
2018-03-03T01:09:33.262338Z 0 [ERROR] [MY-011071] unknown variable 'query_cache_size=0'
2018-03-03T01:09:33.262355Z 0 [Warning] [MY-010952] The privilege system failed to initialize correctly. If you have upgraded your server, make sure you're executing mysql_upgrade to correct the issue.
2018-03-03T01:09:33.262408Z 0 [ERROR] [MY-010119] Aborting
2018-03-03T01:09:34.885732Z 0 [System] [MY-010910] /usr/sbin/mysqld: Shutdown complete.
2018-03-03T01:10:47.211303Z 0 [Warning] [MY-010088] 'NO_AUTO_CREATE_USER' sql mode was not set.
2018-03-03T01:10:47.211417Z 0 [System] [MY-010116] /usr/sbin/mysqld (mysqld 8.0.4-rc-log) starting as process 27 ...
mbind: Operation not permitted
2018-03-03T01:10:50.260631Z 0 [Warning] [MY-010068] CA certificate ca.pem is self signed.
2018-03-03T01:10:50.595846Z 0 [ERROR] [MY-011071] unknown variable 'query_cache_size=0'
2018-03-03T01:10:50.595886Z 0 [Warning] [MY-010952] The privilege system failed to initialize correctly. If you have upgraded your server, make sure you're executing mysql_upgrade to correct the issue.
2018-03-03T01:10:50.595897Z 0 [ERROR] [MY-010119] Aborting
2018-03-03T01:10:52.410954Z 0 [System] [MY-010910] /usr/sbin/mysqld: Shutdown complete.
2018-03-03T01:10:53.217095Z 0 [Warning] [MY-010088] 'NO_AUTO_CREATE_USER' sql mode was not set.
2018-03-03T01:10:53.217287Z 0 [Warning] [MY-010101] Insecure configuration for --secure-file-priv: Location is accessible to all OS users. Consider choosing a different directory.
2018-03-03T01:10:53.217316Z 0 [System] [MY-010116] /usr/sbin/mysqld (mysqld 8.0.4-rc-log) starting as process 1 ...
mbind: Operation not permitted
mysqld: Table 'mysql.plugin' doesn't exist
2018-03-03T01:10:54.027872Z 0 [ERROR] [MY-010735] Can't open the mysql.plugin table. Please run mysql_upgrade to create it.
2018-03-03T01:10:54.103543Z 0 [Warning] [MY-010015] Gtid table is not ready to be used. Table 'mysql.gtid_executed' cannot be opened.
2018-03-03T01:10:54.105275Z 0 [Warning] [MY-010068] CA certificate ca.pem is self signed.
2018-03-03T01:10:54.107361Z 0 [Warning] [MY-010441] Failed to open optimizer cost constant tables
2018-03-03T01:10:54.107505Z 0 [ERROR] [MY-001146] Table 'mysql.component' doesn't exist
2018-03-03T01:10:54.107541Z 0 [Warning] [MY-003543] The mysql.component table is missing or has an incorrect definition.
2018-03-03T01:10:54.107697Z 0 [ERROR] [MY-011071] unknown variable 'query_cache_size=0'
2018-03-03T01:10:54.107711Z 0 [Warning] [MY-010952] The privilege system failed to initialize correctly. If you have upgraded your server, make sure you're executing mysql_upgrade to correct the issue.
2018-03-03T01:10:54.107755Z 0 [ERROR] [MY-010119] Aborting
2018-03-03T01:10:55.821362Z 0 [System] [MY-010910] /usr/sbin/mysqld: Shutdown complete.
2018-03-03T01:10:56.646254Z 0 [Warning] [MY-010088] 'NO_AUTO_CREATE_USER' sql mode was not set.
2018-03-03T01:10:56.646555Z 0 [Warning] [MY-010101] Insecure configuration for --secure-file-priv: Location is accessible to all OS users. Consider choosing a different directory.
2018-03-03T01:10:56.646645Z 0 [System] [MY-010116] /usr/sbin/mysqld (mysqld 8.0.4-rc-log) starting as process 1 ...
mbind: Operation not permitted
mysqld: Table 'mysql.plugin' doesn't exist
2018-03-03T01:10:57.466948Z 0 [ERROR] [MY-010735] Can't open the mysql.plugin table. Please run mysql_upgrade to create it.
2018-03-03T01:10:57.539648Z 0 [Warning] [MY-010015] Gtid table is not ready to be used. Table 'mysql.gtid_executed' cannot be opened.
2018-03-03T01:10:57.542870Z 0 [Warning] [MY-010068] CA certificate ca.pem is self signed.
2018-03-03T01:10:57.545732Z 0 [Warning] [MY-010441] Failed to open optimizer cost constant tables
2018-03-03T01:10:57.545888Z 0 [ERROR] [MY-001146] Table 'mysql.component' doesn't exist
2018-03-03T01:10:57.545910Z 0 [Warning] [MY-003543] The mysql.component table is missing or has an incorrect definition.
2018-03-03T01:10:57.546023Z 0 [ERROR] [MY-011071] unknown variable 'query_cache_size=0'
2018-03-03T01:10:57.546035Z 0 [Warning] [MY-010952] The privilege system failed to initialize correctly. If you have upgraded your server, make sure you're executing mysql_upgrade to correct the issue.
2018-03-03T01:10:57.546082Z 0 [ERROR] [MY-010119] Aborting
2018-03-03T01:10:59.058761Z 0 [System] [MY-010910] /usr/sbin/mysqld: Shutdown complete.
2018-03-03T01:11:00.016051Z 0 [Warning] [MY-010088] 'NO_AUTO_CREATE_USER' sql mode was not set.
2018-03-03T01:11:00.016328Z 0 [Warning] [MY-010101] Insecure configuration for --secure-file-priv: Location is accessible to all OS users. Consider choosing a different directory.
2018-03-03T01:11:00.016362Z 0 [System] [MY-010116] /usr/sbin/mysqld (mysqld 8.0.4-rc-log) starting as process 1 ...
mbind: Operation not permitted
mysqld: Table 'mysql.plugin' doesn't exist
2018-03-03T01:11:00.783697Z 0 [ERROR] [MY-010735] Can't open the mysql.plugin table. Please run mysql_upgrade to create it.
2018-03-03T01:11:00.857006Z 0 [Warning] [MY-010015] Gtid table is not ready to be used. Table 'mysql.gtid_executed' cannot be opened.
2018-03-03T01:11:00.860052Z 0 [Warning] [MY-010068] CA certificate ca.pem is self signed.
2018-03-03T01:11:00.862520Z 0 [Warning] [MY-010441] Failed to open optimizer cost constant tables
2018-03-03T01:11:00.862757Z 0 [ERROR] [MY-001146] Table 'mysql.component' doesn't exist
2018-03-03T01:11:00.862829Z 0 [Warning] [MY-003543] The mysql.component table is missing or has an incorrect definition.
2018-03-03T01:11:00.862959Z 0 [ERROR] [MY-011071] unknown variable 'query_cache_size=0'
2018-03-03T01:11:00.862974Z 0 [Warning] [MY-010952] The privilege system failed to initialize correctly. If you have upgraded your server, make sure you're executing mysql_upgrade to correct the issue.
2018-03-03T01:11:00.863028Z 0 [ERROR] [MY-010119] Aborting
2018-03-03T01:11:02.482131Z 0 [System] [MY-010910] /usr/sbin/mysqld: Shutdown complete.
2018-03-03T01:11:03.876036Z 0 [Warning] [MY-010088] 'NO_AUTO_CREATE_USER' sql mode was not set.
2018-03-03T01:11:03.876231Z 0 [Warning] [MY-010101] Insecure configuration for --secure-file-priv: Location is accessible to all OS users. Consider choosing a different directory.
2018-03-03T01:11:03.876254Z 0 [System] [MY-010116] /usr/sbin/mysqld (mysqld 8.0.4-rc-log) starting as process 1 ...
mbind: Operation not permitted
mysqld: Table 'mysql.plugin' doesn't exist
2018-03-03T01:11:04.653244Z 0 [ERROR] [MY-010735] Can't open the mysql.plugin table. Please run mysql_upgrade to create it.
2018-03-03T01:11:04.723310Z 0 [Warning] [MY-010015] Gtid table is not ready to be used. Table 'mysql.gtid_executed' cannot be opened.
2018-03-03T01:11:04.726012Z 0 [Warning] [MY-010068] CA certificate ca.pem is self signed.
2018-03-03T01:11:04.728204Z 0 [Warning] [MY-010441] Failed to open optimizer cost constant tables
2018-03-03T01:11:04.728348Z 0 [ERROR] [MY-001146] Table 'mysql.component' doesn't exist
2018-03-03T01:11:04.728370Z 0 [Warning] [MY-003543] The mysql.component table is missing or has an incorrect definition.
2018-03-03T01:11:04.728688Z 0 [ERROR] [MY-011071] unknown variable 'query_cache_size=0'
2018-03-03T01:11:04.728703Z 0 [Warning] [MY-010952] The privilege system failed to initialize correctly. If you have upgraded your server, make sure you're executing mysql_upgrade to correct the issue.
2018-03-03T01:11:04.728745Z 0 [ERROR] [MY-010119] Aborting
2018-03-03T01:11:06.348878Z 0 [System] [MY-010910] /usr/sbin/mysqld: Shutdown complete.
2018-03-03T01:11:12.803120Z 0 [Warning] [MY-010088] 'NO_AUTO_CREATE_USER' sql mode was not set.
2018-03-03T01:11:12.803235Z 0 [System] [MY-010116] /usr/sbin/mysqld (mysqld 8.0.4-rc-log) starting as process 26 ...
mbind: Operation not permitted
2018-03-03T01:11:15.454299Z 0 [Warning] [MY-010068] CA certificate ca.pem is self signed.
2018-03-03T01:11:15.533457Z 0 [ERROR] [MY-011071] unknown variable 'query_cache_size=0'
2018-03-03T01:11:15.533496Z 0 [Warning] [MY-010952] The privilege system failed to initialize correctly. If you have upgraded your server, make sure you're executing mysql_upgrade to correct the issue.
2018-03-03T01:11:15.533525Z 0 [ERROR] [MY-010119] Aborting
2018-03-03T01:11:17.055720Z 0 [System] [MY-010910] /usr/sbin/mysqld: Shutdown complete.
2018-03-03T01:11:18.015982Z 0 [Warning] [MY-010088] 'NO_AUTO_CREATE_USER' sql mode was not set.
2018-03-03T01:11:18.016192Z 0 [Warning] [MY-010101] Insecure configuration for --secure-file-priv: Location is accessible to all OS users. Consider choosing a different directory.
2018-03-03T01:11:18.016236Z 0 [System] [MY-010116] /usr/sbin/mysqld (mysqld 8.0.4-rc-log) starting as process 1 ...
mbind: Operation not permitted
mysqld: Table 'mysql.plugin' doesn't exist
2018-03-03T01:11:18.896113Z 0 [ERROR] [MY-010735] Can't open the mysql.plugin table. Please run mysql_upgrade to create it.
2018-03-03T01:11:18.994459Z 0 [Warning] [MY-010015] Gtid table is not ready to be used. Table 'mysql.gtid_executed' cannot be opened.
2018-03-03T01:11:18.997808Z 0 [Warning] [MY-010068] CA certificate ca.pem is self signed.
2018-03-03T01:11:19.002134Z 0 [Warning] [MY-010441] Failed to open optimizer cost constant tables
2018-03-03T01:11:19.002352Z 0 [ERROR] [MY-001146] Table 'mysql.component' doesn't exist
2018-03-03T01:11:19.002400Z 0 [Warning] [MY-003543] The mysql.component table is missing or has an incorrect definition.
2018-03-03T01:11:19.002630Z 0 [ERROR] [MY-011071] unknown variable 'query_cache_size=0'
2018-03-03T01:11:19.002650Z 0 [Warning] [MY-010952] The privilege system failed to initialize correctly. If you have upgraded your server, make sure you're executing mysql_upgrade to correct the issue.
2018-03-03T01:11:19.002703Z 0 [ERROR] [MY-010119] Aborting
2018-03-03T01:11:20.620604Z 0 [System] [MY-010910] /usr/sbin/mysqld: Shutdown complete.
2018-03-03T01:11:21.405997Z 0 [Warning] [MY-010088] 'NO_AUTO_CREATE_USER' sql mode was not set.
2018-03-03T01:11:21.406218Z 0 [Warning] [MY-010101] Insecure configuration for --secure-file-priv: Location is accessible to all OS users. Consider choosing a different directory.
2018-03-03T01:11:21.406262Z 0 [System] [MY-010116] /usr/sbin/mysqld (mysqld 8.0.4-rc-log) starting as process 1 ...
mbind: Operation not permitted
mysqld: Table 'mysql.plugin' doesn't exist
2018-03-03T01:11:22.186439Z 0 [ERROR] [MY-010735] Can't open the mysql.plugin table. Please run mysql_upgrade to create it.
2018-03-03T01:11:22.263856Z 0 [Warning] [MY-010015] Gtid table is not ready to be used. Table 'mysql.gtid_executed' cannot be opened.
2018-03-03T01:11:22.266881Z 0 [Warning] [MY-010068] CA certificate ca.pem is self signed.
2018-03-03T01:11:22.269813Z 0 [Warning] [MY-010441] Failed to open optimizer cost constant tables
2018-03-03T01:11:22.269975Z 0 [ERROR] [MY-001146] Table 'mysql.component' doesn't exist
2018-03-03T01:11:22.269999Z 0 [Warning] [MY-003543] The mysql.component table is missing or has an incorrect definition.
2018-03-03T01:11:22.270142Z 0 [ERROR] [MY-011071] unknown variable 'query_cache_size=0'
2018-03-03T01:11:22.270158Z 0 [Warning] [MY-010952] The privilege system failed to initialize correctly. If you have upgraded your server, make sure you're executing mysql_upgrade to correct the issue.
2018-03-03T01:11:22.270206Z 0 [ERROR] [MY-010119] Aborting
2018-03-03T01:11:23.886788Z 0 [System] [MY-010910] /usr/sbin/mysqld: Shutdown complete.
2018-03-03T01:11:24.905983Z 0 [Warning] [MY-010088] 'NO_AUTO_CREATE_USER' sql mode was not set.
2018-03-03T01:11:24.906188Z 0 [Warning] [MY-010101] Insecure configuration for --secure-file-priv: Location is accessible to all OS users. Consider choosing a different directory.
2018-03-03T01:11:24.906221Z 0 [System] [MY-010116] /usr/sbin/mysqld (mysqld 8.0.4-rc-log) starting as process 1 ...
mbind: Operation not permitted
mysqld: Table 'mysql.plugin' doesn't exist
2018-03-03T01:11:25.723700Z 0 [ERROR] [MY-010735] Can't open the mysql.plugin table. Please run mysql_upgrade to create it.
2018-03-03T01:11:25.801436Z 0 [Warning] [MY-010015] Gtid table is not ready to be used. Table 'mysql.gtid_executed' cannot be opened.
2018-03-03T01:11:25.805327Z 0 [Warning] [MY-010068] CA certificate ca.pem is self signed.
2018-03-03T01:11:25.808809Z 0 [Warning] [MY-010441] Failed to open optimizer cost constant tables
2018-03-03T01:11:25.809082Z 0 [ERROR] [MY-001146] Table 'mysql.component' doesn't exist
2018-03-03T01:11:25.809122Z 0 [Warning] [MY-003543] The mysql.component table is missing or has an incorrect definition.
2018-03-03T01:11:25.809306Z 0 [ERROR] [MY-011071] unknown variable 'query_cache_size=0'
2018-03-03T01:11:25.809322Z 0 [Warning] [MY-010952] The privilege system failed to initialize correctly. If you have upgraded your server, make sure you're executing mysql_upgrade to correct the issue.
2018-03-03T01:11:25.809392Z 0 [ERROR] [MY-010119] Aborting
2018-03-03T01:11:27.327005Z 0 [System] [MY-010910] /usr/sbin/mysqld: Shutdown complete.
2018-03-03T01:11:28.715973Z 0 [Warning] [MY-010088] 'NO_AUTO_CREATE_USER' sql mode was not set.
2018-03-03T01:11:28.716166Z 0 [Warning] [MY-010101] Insecure configuration for --secure-file-priv: Location is accessible to all OS users. Consider choosing a different directory.
2018-03-03T01:11:28.716196Z 0 [System] [MY-010116] /usr/sbin/mysqld (mysqld 8.0.4-rc-log) starting as process 1 ...
mbind: Operation not permitted
mysqld: Table 'mysql.plugin' doesn't exist
2018-03-03T01:11:29.467644Z 0 [ERROR] [MY-010735] Can't open the mysql.plugin table. Please run mysql_upgrade to create it.
2018-03-03T01:11:29.540839Z 0 [Warning] [MY-010015] Gtid table is not ready to be used. Table 'mysql.gtid_executed' cannot be opened.
2018-03-03T01:11:29.543337Z 0 [Warning] [MY-010068] CA certificate ca.pem is self signed.
2018-03-03T01:11:29.545450Z 0 [Warning] [MY-010441] Failed to open optimizer cost constant tables
2018-03-03T01:11:29.545722Z 0 [ERROR] [MY-001146] Table 'mysql.component' doesn't exist
2018-03-03T01:11:29.545748Z 0 [Warning] [MY-003543] The mysql.component table is missing or has an incorrect definition.
2018-03-03T01:11:29.545866Z 0 [ERROR] [MY-011071] unknown variable 'query_cache_size=0'
2018-03-03T01:11:29.545879Z 0 [Warning] [MY-010952] The privilege system failed to initialize correctly. If you have upgraded your server, make sure you're executing mysql_upgrade to correct the issue.
2018-03-03T01:11:29.545921Z 0 [ERROR] [MY-010119] Aborting
2018-03-03T01:11:31.260765Z 0 [System] [MY-010910] /usr/sbin/mysqld: Shutdown complete.
2018-03-03T01:11:33.466106Z 0 [Warning] [MY-010088] 'NO_AUTO_CREATE_USER' sql mode was not set.
2018-03-03T01:11:33.466357Z 0 [Warning] [MY-010101] Insecure configuration for --secure-file-priv: Location is accessible to all OS users. Consider choosing a different directory.
2018-03-03T01:11:33.466383Z 0 [System] [MY-010116] /usr/sbin/mysqld (mysqld 8.0.4-rc-log) starting as process 1 ...
mbind: Operation not permitted
mysqld: Table 'mysql.plugin' doesn't exist
2018-03-03T01:11:34.244663Z 0 [ERROR] [MY-010735] Can't open the mysql.plugin table. Please run mysql_upgrade to create it.
2018-03-03T01:11:34.314993Z 0 [Warning] [MY-010015] Gtid table is not ready to be used. Table 'mysql.gtid_executed' cannot be opened.
2018-03-03T01:11:34.318699Z 0 [Warning] [MY-010068] CA certificate ca.pem is self signed.
2018-03-03T01:11:34.321327Z 0 [Warning] [MY-010441] Failed to open optimizer cost constant tables
2018-03-03T01:11:34.321499Z 0 [ERROR] [MY-001146] Table 'mysql.component' doesn't exist
2018-03-03T01:11:34.321528Z 0 [Warning] [MY-003543] The mysql.component table is missing or has an incorrect definition.
2018-03-03T01:11:34.321712Z 0 [ERROR] [MY-011071] unknown variable 'query_cache_size=0'
2018-03-03T01:11:34.321731Z 0 [Warning] [MY-010952] The privilege system failed to initialize correctly. If you have upgraded your server, make sure you're executing mysql_upgrade to correct the issue.
2018-03-03T01:11:34.321791Z 0 [ERROR] [MY-010119] Aborting
2018-03-03T01:11:35.945430Z 0 [System] [MY-010910] /usr/sbin/mysqld: Shutdown complete.
2018-03-03T01:12:23.478212Z 0 [Warning] TIMESTAMP with implicit DEFAULT value is deprecated. Please use --explicit_defaults_for_timestamp server option (see documentation for more details).
2018-03-03T01:12:23.478299Z 0 [Warning] 'NO_AUTO_CREATE_USER' sql mode was not set.
2018-03-03T01:12:23.478500Z 0 [Note] mysqld (mysqld 5.7.21-log) starting as process 1 ...
2018-03-03T01:12:23.500715Z 0 [Note] InnoDB: PUNCH HOLE support available
2018-03-03T01:12:23.500759Z 0 [Note] InnoDB: Mutexes and rw_locks use GCC atomic builtins
2018-03-03T01:12:23.500764Z 0 [Note] InnoDB: Uses event mutexes
2018-03-03T01:12:23.500768Z 0 [Note] InnoDB: GCC builtin __atomic_thread_fence() is used for memory barrier
2018-03-03T01:12:23.500772Z 0 [Note] InnoDB: Compressed tables use zlib 1.2.3
2018-03-03T01:12:23.500776Z 0 [Note] InnoDB: Using Linux native AIO
2018-03-03T01:12:23.502785Z 0 [Note] InnoDB: Number of pools: 1
2018-03-03T01:12:23.507408Z 0 [Note] InnoDB: Using CPU crc32 instructions
2018-03-03T01:12:23.529052Z 0 [Note] InnoDB: Initializing buffer pool, total size = 5M, instances = 1, chunk size = 5M
2018-03-03T01:12:23.534499Z 0 [Note] InnoDB: Completed initialization of buffer pool
2018-03-03T01:12:23.540655Z 0 [Note] InnoDB: If the mysqld execution user is authorized, page cleaner thread priority can be changed. See the man page of setpriority().
2018-03-03T01:12:23.570660Z 0 [Note] InnoDB: Setting log file ./ib_logfile101 size to 48 MB
2018-03-03T01:12:23.956065Z 0 [Note] InnoDB: Setting log file ./ib_logfile1 size to 48 MB
2018-03-03T01:12:24.361930Z 0 [Note] InnoDB: Renaming log file ./ib_logfile101 to ./ib_logfile0
2018-03-03T01:12:24.362025Z 0 [Warning] InnoDB: New log files created, LSN=306581210
2018-03-03T01:12:24.365913Z 0 [Note] InnoDB: Highest supported file format is Barracuda.
2018-03-03T01:12:24.367677Z 0 [Note] InnoDB: Log scan progressed past the checkpoint lsn 306581516
2018-03-03T01:12:24.367721Z 0 [Note] InnoDB: Doing recovery: scanned up to log sequence number 306581525
2018-03-03T01:12:24.367732Z 0 [Note] InnoDB: Database was not shutdown normally!
2018-03-03T01:12:24.367748Z 0 [Note] InnoDB: Starting crash recovery.
2018-03-03T01:12:24.757024Z 0 [Note] InnoDB: Creating shared tablespace for temporary tables
2018-03-03T01:12:24.757133Z 0 [Note] InnoDB: Setting file './ibtmp1' size to 12 MB. Physically writing the file full; Please wait ...
2018-03-03T01:12:24.847918Z 0 [Note] InnoDB: File './ibtmp1' size is now 12 MB.
2018-03-03T01:12:24.849012Z 0 [Note] InnoDB: 96 redo rollback segment(s) found. 96 redo rollback segment(s) are active.
2018-03-03T01:12:24.849029Z 0 [Note] InnoDB: 32 non-redo rollback segment(s) are active.
2018-03-03T01:12:24.849316Z 0 [Note] InnoDB: Waiting for purge to start
2018-03-03T01:12:24.899559Z 0 [Note] InnoDB: 5.7.21 started; log sequence number 306581525
2018-03-03T01:12:24.900634Z 0 [Note] InnoDB: Loading buffer pool(s) from /var/lib/mysql/ib_buffer_pool
2018-03-03T01:12:24.905907Z 0 [Note] Plugin 'FEDERATED' is disabled.
2018-03-03T01:12:24.935260Z 0 [Note] InnoDB: Buffer pool(s) load completed at 180303  1:12:24
2018-03-03T01:12:24.939286Z 0 [Note] Found ca.pem, server-cert.pem and server-key.pem in data directory. Trying to enable SSL support using them.
2018-03-03T01:12:24.945967Z 0 [Warning] CA certificate ca.pem is self signed.
2018-03-03T01:12:24.972119Z 0 [Note] Server hostname (bind-address): '*'; port: 3306
2018-03-03T01:12:24.972231Z 0 [Note] IPv6 is available.
2018-03-03T01:12:24.972253Z 0 [Note]   - '::' resolves to '::';
2018-03-03T01:12:24.972265Z 0 [Note] Server socket created on IP: '::'.
2018-03-03T01:12:25.039064Z 0 [Note] Event Scheduler: Loaded 0 events
2018-03-03T01:12:25.039255Z 0 [Note] mysqld: ready for connections.
Version: '5.7.21-log'  socket: '/var/run/mysqld/mysqld.sock'  port: 3306  MySQL Community Server (GPL)
2018-03-03T01:17:14.539925Z 0 [Note] Giving 0 client threads a chance to die gracefully
2018-03-03T01:17:14.540521Z 0 [Note] Shutting down slave threads
2018-03-03T01:17:14.540547Z 0 [Note] Forcefully disconnecting 0 remaining clients
2018-03-03T01:17:14.540568Z 0 [Note] Event Scheduler: Purging the queue. 0 events
2018-03-03T01:17:14.540722Z 0 [Note] Binlog end
2018-03-03T01:17:14.545342Z 0 [Note] Shutting down plugin 'ngram'
2018-03-03T01:17:14.545374Z 0 [Note] Shutting down plugin 'partition'
2018-03-03T01:17:14.545381Z 0 [Note] Shutting down plugin 'BLACKHOLE'
2018-03-03T01:17:14.545388Z 0 [Note] Shutting down plugin 'ARCHIVE'
2018-03-03T01:17:14.545391Z 0 [Note] Shutting down plugin 'PERFORMANCE_SCHEMA'
2018-03-03T01:17:14.545445Z 0 [Note] Shutting down plugin 'MRG_MYISAM'
2018-03-03T01:17:14.545454Z 0 [Note] Shutting down plugin 'MyISAM'
2018-03-03T01:17:14.545484Z 0 [Note] Shutting down plugin 'INNODB_SYS_VIRTUAL'
2018-03-03T01:17:14.545496Z 0 [Note] Shutting down plugin 'INNODB_SYS_DATAFILES'
2018-03-03T01:17:14.545501Z 0 [Note] Shutting down plugin 'INNODB_SYS_TABLESPACES'
2018-03-03T01:17:14.545504Z 0 [Note] Shutting down plugin 'INNODB_SYS_FOREIGN_COLS'
2018-03-03T01:17:14.545507Z 0 [Note] Shutting down plugin 'INNODB_SYS_FOREIGN'
2018-03-03T01:17:14.545512Z 0 [Note] Shutting down plugin 'INNODB_SYS_FIELDS'
2018-03-03T01:17:14.545515Z 0 [Note] Shutting down plugin 'INNODB_SYS_COLUMNS'
2018-03-03T01:17:14.545518Z 0 [Note] Shutting down plugin 'INNODB_SYS_INDEXES'
2018-03-03T01:17:14.545520Z 0 [Note] Shutting down plugin 'INNODB_SYS_TABLESTATS'
2018-03-03T01:17:14.545525Z 0 [Note] Shutting down plugin 'INNODB_SYS_TABLES'
2018-03-03T01:17:14.545528Z 0 [Note] Shutting down plugin 'INNODB_FT_INDEX_TABLE'
2018-03-03T01:17:14.545531Z 0 [Note] Shutting down plugin 'INNODB_FT_INDEX_CACHE'
2018-03-03T01:17:14.545545Z 0 [Note] Shutting down plugin 'INNODB_FT_CONFIG'
2018-03-03T01:17:14.545548Z 0 [Note] Shutting down plugin 'INNODB_FT_BEING_DELETED'
2018-03-03T01:17:14.545551Z 0 [Note] Shutting down plugin 'INNODB_FT_DELETED'
2018-03-03T01:17:14.545553Z 0 [Note] Shutting down plugin 'INNODB_FT_DEFAULT_STOPWORD'
2018-03-03T01:17:14.545556Z 0 [Note] Shutting down plugin 'INNODB_METRICS'
2018-03-03T01:17:14.545561Z 0 [Note] Shutting down plugin 'INNODB_TEMP_TABLE_INFO'
2018-03-03T01:17:14.545564Z 0 [Note] Shutting down plugin 'INNODB_BUFFER_POOL_STATS'
2018-03-03T01:17:14.545566Z 0 [Note] Shutting down plugin 'INNODB_BUFFER_PAGE_LRU'
2018-03-03T01:17:14.545569Z 0 [Note] Shutting down plugin 'INNODB_BUFFER_PAGE'
2018-03-03T01:17:14.546629Z 0 [Note] Shutting down plugin 'INNODB_CMP_PER_INDEX_RESET'
2018-03-03T01:17:14.546658Z 0 [Note] Shutting down plugin 'INNODB_CMP_PER_INDEX'
2018-03-03T01:17:14.546661Z 0 [Note] Shutting down plugin 'INNODB_CMPMEM_RESET'
2018-03-03T01:17:14.546664Z 0 [Note] Shutting down plugin 'INNODB_CMPMEM'
2018-03-03T01:17:14.546666Z 0 [Note] Shutting down plugin 'INNODB_CMP_RESET'
2018-03-03T01:17:14.546668Z 0 [Note] Shutting down plugin 'INNODB_CMP'
2018-03-03T01:17:14.546671Z 0 [Note] Shutting down plugin 'INNODB_LOCK_WAITS'
2018-03-03T01:17:14.546673Z 0 [Note] Shutting down plugin 'INNODB_LOCKS'
2018-03-03T01:17:14.546676Z 0 [Note] Shutting down plugin 'INNODB_TRX'
2018-03-03T01:17:14.546685Z 0 [Note] Shutting down plugin 'InnoDB'
2018-03-03T01:17:14.547832Z 0 [Note] InnoDB: FTS optimize thread exiting.
2018-03-03T01:17:14.548092Z 0 [Note] InnoDB: Starting shutdown...
2018-03-03T01:17:14.648543Z 0 [Note] InnoDB: Dumping buffer pool(s) to /var/lib/mysql/ib_buffer_pool
2018-03-03T01:17:14.649203Z 0 [Note] InnoDB: Buffer pool(s) dump completed at 180303  1:17:14
2018-03-03T01:17:15.756316Z 0 [Note] InnoDB: Shutdown completed; log sequence number 306582832
2018-03-03T01:17:15.758791Z 0 [Note] InnoDB: Removed temporary tablespace data file: "ibtmp1"
2018-03-03T01:17:15.758820Z 0 [Note] Shutting down plugin 'MEMORY'
2018-03-03T01:17:15.758844Z 0 [Note] Shutting down plugin 'CSV'
2018-03-03T01:17:15.758853Z 0 [Note] Shutting down plugin 'sha256_password'
2018-03-03T01:17:15.758858Z 0 [Note] Shutting down plugin 'mysql_native_password'
2018-03-03T01:17:15.759482Z 0 [Note] Shutting down plugin 'binlog'
2018-03-03T01:17:15.761436Z 0 [Note] mysqld: Shutdown complete

